#
# A fatal error has been detected by the Java Runtime Environment:
#
#  EXCEPTION_ACCESS_VIOLATION (0xc0000005) at pc=0x000000006dd09406, pid=4708, tid=4336
#
# JRE version: 6.0_37-b06
# Java VM: Java HotSpot(TM) 64-Bit Server VM (20.12-b01 mixed mode windows-amd64 compressed oops)
# Problematic frame:
# V  [jvm.dll+0x459406]
#
# If you would like to submit a bug report, please visit:
#   http://java.sun.com/webapps/bugreport/crash.jsp
#

---------------  T H R E A D  ---------------

Current thread (0x0000000000527800):  JavaThread "C2 CompilerThread0" daemon [_thread_in_native, id=4336, stack(0x0000000006b40000,0x0000000006c40000)]

siginfo: ExceptionCode=0xc0000005, reading address 0x0000000000000030

Registers:
RAX=0x00000000000007e2, RBX=0x0000000000000010, RCX=0x0000000008d176f0, RDX=0x0000000008d17720
RSP=0x0000000006c3c250, RBP=0x0000000000000000, RSI=0x00000000004e6590, RDI=0x0000000000000002
R8 =0x0000000000000000, R9 =0x0000000000000393, R10=0x0000000000000b75, R11=0x0000000008cf00a0
R12=0x0000000008cf0050, R13=0x0000000006c3dae0, R14=0x0000000007d2ca60, R15=0x0000000007db5740
RIP=0x000000006dd09406, EFLAGS=0x0000000000010283

Top of Stack: (sp=0x0000000006c3c250)
0x0000000006c3c250:   0000000008cf0050 0000000000000000
0x0000000006c3c260:   00000000068f7b70 0000000007d2ca60
0x0000000006c3c270:   0000000000000b75 0000000008cf0050
0x0000000006c3c280:   0000000008cf00a0 0000000000000000
0x0000000006c3c290:   0000000007d2ca60 0000000007db5740
0x0000000006c3c2a0:   0000000007dc4510 00000000004e6590
0x0000000006c3c2b0:   0000000007dc4510 000000000786e2c0
0x0000000006c3c2c0:   000000006deda7a0 00000000004e6590
0x0000000006c3c2d0:   0000000000000200 00000000068dc330
0x0000000006c3c2e0:   0000000000000001 000000000000002b
0x0000000006c3c2f0:   00000000004e6590 0000000000000001
0x0000000006c3c300:   0000000006c3dae0 000000006dd538cf
0x0000000006c3c310:   0000000006c3dae0 00000000068f7b70
0x0000000006c3c320:   0000000000000004 0000000000000001
0x0000000006c3c330:   0000000000000000 0000000006c3c420
0x0000000006c3c340:   0000000007a413e0 0000000007ea8900 

Instructions: (pc=0x000000006dd09406)
0x000000006dd093e6:   00 00 4d 8d 4a fe 66 66 66 90 8b 42 d8 4c 8b 02
0x000000006dd093f6:   48 8d 0c 80 48 c1 e1 04 49 03 cc 4c 3b c1 74 07
0x000000006dd09406:   49 8b 40 30 48 89 02 48 89 6a 10 48 89 6a 18 48
0x000000006dd09416:   83 c2 50 49 ff c9 75 d2 49 8b 45 10 48 8b 88 68 


Register to memory mapping:

RAX=0x00000000000007e2 is an unknown value
RBX=0x0000000000000010 is an unknown value
RCX=0x0000000008d176f0 is an unknown value
RDX=0x0000000008d17720 is an unknown value
RSP=0x0000000006c3c250 is pointing into the stack for thread: 0x0000000000527800
RBP=0x0000000000000000 is an unknown value
RSI=0x00000000004e6590 is an unknown value
RDI=0x0000000000000002 is an unknown value
R8 =0x0000000000000000 is an unknown value
R9 =0x0000000000000393 is an unknown value
R10=0x0000000000000b75 is an unknown value
R11=0x0000000008cf00a0 is an unknown value
R12=0x0000000008cf0050 is an unknown value
R13=0x0000000006c3dae0 is pointing into the stack for thread: 0x0000000000527800
R14=0x0000000007d2ca60 is an unknown value
R15=0x0000000007db5740 is an unknown value


Stack: [0x0000000006b40000,0x0000000006c40000],  sp=0x0000000006c3c250,  free space=1008k
Native frames: (J=compiled Java code, j=interpreted, Vv=VM code, C=native code)
V  [jvm.dll+0x459406]

[error occurred during error reporting (printing native stack), id 0xc0000005]


Current CompileTask:
C2:   1557 110  !   org.apache.maven.model.interpolation.StringSearchModelInterpolator$InterpolateObjectAction.traverseObjectWithParents(Ljava/lang/Class;Ljava/lang/Object;)V (118 bytes)


---------------  P R O C E S S  ---------------

Java Threads: ( => current thread )
  0x000000000679d000 JavaThread "Low Memory Detector" daemon [_thread_blocked, id=3376, stack(0x0000000006d40000,0x0000000006e40000)]
  0x0000000006792000 JavaThread "C2 CompilerThread1" daemon [_thread_in_native, id=4844, stack(0x0000000006c40000,0x0000000006d40000)]
=>0x0000000000527800 JavaThread "C2 CompilerThread0" daemon [_thread_in_native, id=4336, stack(0x0000000006b40000,0x0000000006c40000)]
  0x0000000000525800 JavaThread "Attach Listener" daemon [_thread_blocked, id=3320, stack(0x0000000006a40000,0x0000000006b40000)]
  0x0000000000525000 JavaThread "Signal Dispatcher" daemon [_thread_blocked, id=6176, stack(0x0000000006940000,0x0000000006a40000)]
  0x0000000000511000 JavaThread "Finalizer" daemon [_thread_blocked, id=2496, stack(0x0000000006640000,0x0000000006740000)]
  0x0000000000508000 JavaThread "Reference Handler" daemon [_thread_blocked, id=6408, stack(0x0000000006540000,0x0000000006640000)]
  0x000000000002b800 JavaThread "main" [_thread_in_vm, id=6272, stack(0x0000000002690000,0x0000000002790000)]

Other Threads:
  0x0000000000501800 VMThread [stack: 0x0000000006440000,0x0000000006540000] [id=6720]
  0x00000000067a6000 WatcherThread [stack: 0x0000000006e40000,0x0000000006f40000] [id=6364]

VM state:not at safepoint (normal execution)

VM Mutex/Monitor currently owned by a thread: None

Heap
 PSYoungGen      total 37312K, used 23838K [0x00000007d6560000, 0x00000007d8f00000, 0x0000000800000000)
  eden space 32000K, 70% used [0x00000007d6560000,0x00000007d7b87a78,0x00000007d84a0000)
  from space 5312K, 21% used [0x00000007d84a0000,0x00000007d85c0000,0x00000007d89d0000)
  to   space 5312K, 0% used [0x00000007d89d0000,0x00000007d89d0000,0x00000007d8f00000)
 PSOldGen        total 85376K, used 0K [0x0000000783000000, 0x0000000788360000, 0x00000007d6560000)
  object space 85376K, 0% used [0x0000000783000000,0x0000000783000000,0x0000000788360000)
 PSPermGen       total 21248K, used 13943K [0x000000077de00000, 0x000000077f2c0000, 0x0000000783000000)
  object space 21248K, 65% used [0x000000077de00000,0x000000077eb9dc48,0x000000077f2c0000)

Code Cache  [0x0000000002790000, 0x0000000002a00000, 0x0000000005790000)
 total_blobs=376 nmethods=128 adapters=201 free_code_cache=49564032 largest_free_block=7616

Dynamic libraries:
0x0000000000400000 - 0x000000000042f000 	C:\Program Files\Java\jdk1.6.0_37\bin\javaw.exe
0x0000000076e10000 - 0x0000000076fb9000 	C:\Windows\SYSTEM32\ntdll.dll
0x0000000076cf0000 - 0x0000000076e0f000 	C:\Windows\system32\kernel32.dll
0x000007fefcf50000 - 0x000007fefcfbc000 	C:\Windows\system32\KERNELBASE.dll
0x000007fefec20000 - 0x000007fefecfb000 	C:\Windows\system32\ADVAPI32.dll
0x000007fefd4b0000 - 0x000007fefd54f000 	C:\Windows\system32\msvcrt.dll
0x000007fefed00000 - 0x000007fefed1f000 	C:\Windows\SYSTEM32\sechost.dll
0x000007fefeda0000 - 0x000007fefeecd000 	C:\Windows\system32\RPCRT4.dll
0x0000000076bf0000 - 0x0000000076cea000 	C:\Windows\system32\USER32.dll
0x000007fefeed0000 - 0x000007fefef37000 	C:\Windows\system32\GDI32.dll
0x000007fefd4a0000 - 0x000007fefd4ae000 	C:\Windows\system32\LPK.dll
0x000007fefd550000 - 0x000007fefd619000 	C:\Windows\system32\USP10.dll
0x000007fefd390000 - 0x000007fefd3be000 	C:\Windows\system32\IMM32.DLL
0x000007fefe410000 - 0x000007fefe519000 	C:\Windows\system32\MSCTF.dll
0x0000000180000000 - 0x0000000180063000 	C:\PROGRA~2\HEWLET~1\IAM\bin\APSHOO~1.DLL
0x000007fefed20000 - 0x000007fefed91000 	C:\Windows\system32\SHLWAPI.dll
0x000000006d8b0000 - 0x000000006e06b000 	C:\Program Files\Java\jdk1.6.0_37\jre\bin\server\jvm.dll
0x000007fefc170000 - 0x000007fefc1ab000 	C:\Windows\system32\WINMM.dll
0x000000006d820000 - 0x000000006d82e000 	C:\Program Files\Java\jdk1.6.0_37\jre\bin\verify.dll
0x000000006d450000 - 0x000000006d477000 	C:\Program Files\Java\jdk1.6.0_37\jre\bin\java.dll
0x000000006d870000 - 0x000000006d882000 	C:\Program Files\Java\jdk1.6.0_37\jre\bin\zip.dll
0x000007fefcc30000 - 0x000007fefcc87000 	C:\Windows\system32\apphelp.dll
0x000000006d6b0000 - 0x000000006d6c7000 	C:\Program Files\Java\jdk1.6.0_37\jre\bin\net.dll
0x000007fefe3b0000 - 0x000007fefe3fd000 	C:\Windows\system32\WS2_32.dll
0x000007fefe400000 - 0x000007fefe408000 	C:\Windows\system32\NSI.dll
0x000007fefc640000 - 0x000007fefc695000 	C:\Windows\system32\mswsock.dll
0x000007fefc630000 - 0x000007fefc637000 	C:\Windows\System32\wship6.dll
0x000000006d6d0000 - 0x000000006d6db000 	C:\Program Files\Java\jdk1.6.0_37\jre\bin\nio.dll
0x0000000076fd0000 - 0x0000000076fd7000 	C:\Windows\system32\PSAPI.DLL
0x000007fefac50000 - 0x000007fefad75000 	C:\Windows\system32\dbghelp.dll

VM Arguments:
jvm_args: -Dmaven.home=EMBEDDED -Dclassworlds.conf=C:\Users\vtayur\workspace-scholar\.metadata\.plugins\org.eclipse.m2e.core\launches\m2conf9208947974055520839.tmp -Dfile.encoding=Cp1252 
java_command: org.codehaus.plexus.classworlds.launcher.Launcher -B clean
Launcher Type: SUN_STANDARD

Environment Variables:
JAVA_HOME=C:\Program Files\Java\jdk1.6.0_37
PATH=C:\Windows\system32;C:\Windows;C:\Windows\System32\Wbem;C:\Windows\System32\WindowsPowerShell\v1.0\;C:\Program Files (x86)\Enterprise Vault\EVClient\;C:\Program Files\ActivIdentity\ActivClient\;C:\Program Files (x86)\ActivIdentity\ActivClient\;C:\Program Files (x86)\Hewlett-Packard\IAM\bin;C:\Program Files\TortoiseSVN\bin;C:\Program Files (x86)\Java\jdk1.7.0_05\bin;C:\Development\Frameworks\apache-ant-1.8.2\bin;C:\Development\Frameworks\apache-maven-3.0.4\bin;C:\Program Files (x86)\GTK2-Runtime\bin
USERNAME=vtayur
OS=Windows_NT
PROCESSOR_IDENTIFIER=Intel64 Family 6 Model 23 Stepping 10, GenuineIntel



---------------  S Y S T E M  ---------------

OS: Windows 7 , 64 bit Build 7601 Service Pack 1

CPU:total 2 (2 cores per cpu, 1 threads per core) family 6 model 23 stepping 10, cmov, cx8, fxsr, mmx, sse, sse2, sse3, ssse3, sse4.1

Memory: 4k page, physical 8191228k(3379104k free), swap 8189376k(3131216k free)

vm_info: Java HotSpot(TM) 64-Bit Server VM (20.12-b01) for windows-amd64 JRE (1.6.0_37-b06), built on Sep 24 2012 11:45:14 by "java_re" with MS VC++ 8.0 (VS2005)

time: Wed Dec 05 12:52:53 2012
elapsed time: 1 seconds

